# JRE version: OpenJDK Runtime Environment (23.0.1+11) (build 23.0.1+11-39)
# Java VM: OpenJDK 64-Bit Server VM (23.0.1+11-39, mixed mode, sharing, tiered, compressed oops, compressed class ptrs, g1 gc, windows-amd64)
GC Precious Log:
 CardTable entry size: 512
 Card Set container configuration: InlinePtr #cards 5 size 8 Array Of Cards #cards 10 size 36 Howl #buckets 4 coarsen threshold 1843 Howl Bitmap #cards 512 size 80 coarsen threshold 460 Card regions per heap region 1 cards per card region 2048
 CPUs: 8 total, 8 available
 Memory: 6030M
 Large Page Support: Disabled
 NUMA Support: Disabled
 Compressed Oops: Enabled (32-bit)
 Heap Region Size: 1M
 Heap Min Capacity: 8M
 Heap Initial Capacity: 96M
 Heap Max Capacity: 1508M
 Pre-touch: Disabled
 Parallel Workers: 8
 Concurrent Workers: 2
 Concurrent Refinement Workers: 8
 Periodic GC: Disabled
Heap:
 garbage-first heap   total reserved 1544192K, committed 75776K, used 54750K [0x00000000a1c00000, 0x0000000100000000)
  region size 1024K, 23 young (23552K), 4 survivors (4096K)
 Metaspace       used 69516K, committed 70144K, reserved 1114112K
  class space    used 9618K, committed 9920K, reserved 1048576K
GC Heap History (20 events):
Event: 3.451 GC heap before
{Heap before GC invocations=1 (full 0):
 garbage-first heap   total reserved 1544192K, committed 98304K, used 35328K [0x00000000a1c00000, 0x0000000100000000)
  region size 1024K, 21 young (21504K), 3 survivors (3072K)
 Metaspace       used 9176K, committed 9344K, reserved 1114112K
  class space    used 1091K, committed 1152K, reserved 1048576K
}
Event: 3.467 GC heap after
{Heap after GC invocations=2 (full 0):
 garbage-first heap   total reserved 1544192K, committed 98304K, used 20299K [0x00000000a1c00000, 0x0000000100000000)
  region size 1024K, 3 young (3072K), 3 survivors (3072K)
 Metaspace       used 9176K, committed 9344K, reserved 1114112K
  class space    used 1091K, committed 1152K, reserved 1048576K
}
Event: 6.239 GC heap before
{Heap before GC invocations=2 (full 0):
 garbage-first heap   total reserved 1544192K, committed 98304K, used 54091K [0x00000000a1c00000, 0x0000000100000000)
  region size 1024K, 36 young (36864K), 3 survivors (3072K)
 Metaspace       used 18366K, committed 18752K, reserved 1114112K
  class space    used 2380K, committed 2560K, reserved 1048576K
}
Event: 6.252 GC heap after
{Heap after GC invocations=3 (full 0):
 garbage-first heap   total reserved 1544192K, committed 98304K, used 22968K [0x00000000a1c00000, 0x0000000100000000)
  region size 1024K, 3 young (3072K), 3 survivors (3072K)
 Metaspace       used 18366K, committed 18752K, reserved 1114112K
  class space    used 2380K, committed 2560K, reserved 1048576K
}
Event: 7.047 GC heap before
{Heap before GC invocations=3 (full 0):
 garbage-first heap   total reserved 1544192K, committed 98304K, used 35256K [0x00000000a1c00000, 0x0000000100000000)
  region size 1024K, 17 young (17408K), 3 survivors (3072K)
 Metaspace       used 21272K, committed 21504K, reserved 1114112K
  class space    used 2630K, committed 2752K, reserved 1048576K
}
Event: 7.062 GC heap after
{Heap after GC invocations=4 (full 0):
 garbage-first heap   total reserved 1544192K, committed 98304K, used 24377K [0x00000000a1c00000, 0x0000000100000000)
  region size 1024K, 5 young (5120K), 5 survivors (5120K)
 Metaspace       used 21272K, committed 21504K, reserved 1114112K
  class space    used 2630K, committed 2752K, reserved 1048576K
}
Event: 9.321 GC heap before
{Heap before GC invocations=5 (full 0):
 garbage-first heap   total reserved 1544192K, committed 75776K, used 61241K [0x00000000a1c00000, 0x0000000100000000)
  region size 1024K, 44 young (45056K), 5 survivors (5120K)
 Metaspace       used 27078K, committed 27456K, reserved 1114112K
  class space    used 3397K, committed 3584K, reserved 1048576K
}
Event: 9.336 GC heap after
{Heap after GC invocations=6 (full 0):
 garbage-first heap   total reserved 1544192K, committed 75776K, used 24721K [0x00000000a1c00000, 0x0000000100000000)
  region size 1024K, 6 young (6144K), 6 survivors (6144K)
 Metaspace       used 27078K, committed 27456K, reserved 1114112K
  class space    used 3397K, committed 3584K, reserved 1048576K
}
Event: 11.973 GC heap before
{Heap before GC invocations=6 (full 0):
 garbage-first heap   total reserved 1544192K, committed 75776K, used 55441K [0x00000000a1c00000, 0x0000000100000000)
  region size 1024K, 36 young (36864K), 6 survivors (6144K)
 Metaspace       used 32153K, committed 32576K, reserved 1114112K
  class space    used 4222K, committed 4416K, reserved 1048576K
}
Event: 11.990 GC heap after
{Heap after GC invocations=7 (full 0):
 garbage-first heap   total reserved 1544192K, committed 75776K, used 26282K [0x00000000a1c00000, 0x0000000100000000)
  region size 1024K, 3 young (3072K), 3 survivors (3072K)
 Metaspace       used 32153K, committed 32576K, reserved 1114112K
  class space    used 4222K, committed 4416K, reserved 1048576K
}
Event: 13.677 GC heap before
{Heap before GC invocations=7 (full 0):
 garbage-first heap   total reserved 1544192K, committed 75776K, used 46762K [0x00000000a1c00000, 0x0000000100000000)
  region size 1024K, 24 young (24576K), 3 survivors (3072K)
 Metaspace       used 35647K, committed 36096K, reserved 1114112K
  class space    used 4731K, committed 4928K, reserved 1048576K
}
Event: 13.691 GC heap after
{Heap after GC invocations=8 (full 0):
 garbage-first heap   total reserved 1544192K, committed 75776K, used 28289K [0x00000000a1c00000, 0x0000000100000000)
  region size 1024K, 5 young (5120K), 5 survivors (5120K)
 Metaspace       used 35647K, committed 36096K, reserved 1114112K
  class space    used 4731K, committed 4928K, reserved 1048576K
}
Event: 16.279 GC heap before
{Heap before GC invocations=9 (full 0):
 garbage-first heap   total reserved 1544192K, committed 75776K, used 61057K [0x00000000a1c00000, 0x0000000100000000)
  region size 1024K, 36 young (36864K), 5 survivors (5120K)
 Metaspace       used 42391K, committed 42944K, reserved 1114112K
  class space    used 5704K, committed 5952K, reserved 1048576K
}
Event: 16.298 GC heap after
{Heap after GC invocations=10 (full 0):
 garbage-first heap   total reserved 1544192K, committed 75776K, used 30243K [0x00000000a1c00000, 0x0000000100000000)
  region size 1024K, 5 young (5120K), 5 survivors (5120K)
 Metaspace       used 42391K, committed 42944K, reserved 1114112K
  class space    used 5704K, committed 5952K, reserved 1048576K
}
Event: 20.524 GC heap before
{Heap before GC invocations=10 (full 0):
 garbage-first heap   total reserved 1544192K, committed 75776K, used 61987K [0x00000000a1c00000, 0x0000000100000000)
  region size 1024K, 36 young (36864K), 5 survivors (5120K)
 Metaspace       used 53363K, committed 53888K, reserved 1114112K
  class space    used 7215K, committed 7488K, reserved 1048576K
}
Event: 20.534 GC heap after
{Heap after GC invocations=11 (full 0):
 garbage-first heap   total reserved 1544192K, committed 75776K, used 32937K [0x00000000a1c00000, 0x0000000100000000)
  region size 1024K, 5 young (5120K), 5 survivors (5120K)
 Metaspace       used 53363K, committed 53888K, reserved 1114112K
  class space    used 7215K, committed 7488K, reserved 1048576K
}
Event: 21.705 GC heap before
{Heap before GC invocations=11 (full 0):
 garbage-first heap   total reserved 1544192K, committed 75776K, used 53417K [0x00000000a1c00000, 0x0000000100000000)
  region size 1024K, 27 young (27648K), 5 survivors (5120K)
 Metaspace       used 59924K, committed 60416K, reserved 1114112K
  class space    used 8144K, committed 8384K, reserved 1048576K
}
Event: 21.712 GC heap after
{Heap after GC invocations=12 (full 0):
 garbage-first heap   total reserved 1544192K, committed 75776K, used 34525K [0x00000000a1c00000, 0x0000000100000000)
  region size 1024K, 2 young (2048K), 2 survivors (2048K)
 Metaspace       used 59924K, committed 60416K, reserved 1114112K
  class space    used 8144K, committed 8384K, reserved 1048576K
}
Event: 23.718 GC heap before
{Heap before GC invocations=13 (full 0):
 garbage-first heap   total reserved 1544192K, committed 75776K, used 65245K [0x00000000a1c00000, 0x0000000100000000)
  region size 1024K, 32 young (32768K), 2 survivors (2048K)
 Metaspace       used 66966K, committed 67648K, reserved 1114112K
  class space    used 9243K, committed 9536K, reserved 1048576K
}
Event: 23.724 GC heap after
{Heap after GC invocations=14 (full 0):
 garbage-first heap   total reserved 1544192K, committed 75776K, used 36318K [0x00000000a1c00000, 0x0000000100000000)
  region size 1024K, 4 young (4096K), 4 survivors (4096K)
 Metaspace       used 66966K, committed 67648K, reserved 1114112K
  class space    used 9243K, committed 9536K, reserved 1048576K
}

